# Push Log for NarcStudy_CalebStacey
# Generated by gitfield-sync

[2025-07-09T23:00:08Z] Local: , Branch=master, Commit=bbaed5b
  Diff Summary:
     docs/integrity.sha256.sig.4E27D37C358872BF | 0
     1 file changed, 0 insertions(+), 0 deletions(-)
[2025-07-09T23:02:04Z] Radicle: RID=rad:z3FEj7rF8gZw9eFksCuiN43qjzrex, Peer ID=z6Mkw5s3ppo26C7y7tGK5MD8n2GqTHS582PPpeX5Xqbu2Mpz, Branch=master, Commit=bbaed5b
  CLI: rad inspect rad:z3FEj7rF8gZw9eFksCuiN43qjzrex # View project details
  CLI: git ls-tree -r --name-only HEAD # View file structure
  Diff Summary:
     .gitfield/radicle.sigil.md | 67 ++++++++++++++++++++++++++++++++++++++++++++++
     1 file changed, 67 insertions(+)
[2025-07-09T23:05:15Z] Forgejo: https://remember.thefoldwithin.earth/mrhavens/NarcStudy_CalebStacey, Branch=master, Commit=bbaed5b
  Diff Summary:
     .gitfield/remember.sigil.md | 59 +++++++++++++++++++++++++++++++++++++++++++++
     1 file changed, 59 insertions(+)
[2025-07-09T23:07:32Z] Codeberg: https://codeberg.org/mrhavens/NarcStudy_CalebStacey, Branch=master, Commit=bbaed5b
  Diff Summary:
     .gitfield/pushed.log | 4 ++++
     1 file changed, 4 insertions(+)
[2025-07-09T23:08:43Z] GitLab: https://gitlab.com/mrhavens/NarcStudy_CalebStacey, Branch=master, Commit=bbaed5b
  Diff Summary:
     .gitfield/gitlab.sigil.md | 59 +++++++++++++++++++++++++++++++++++++++++++++++
     1 file changed, 59 insertions(+)
[2025-07-09T23:09:06Z] Bitbucket: https://bitbucket.org/thefoldwithin/NarcStudy_CalebStacey, Branch=master, Commit=bbaed5b
  Diff Summary:
     .gitfield/bitbucket.sigil.md | 59 ++++++++++++++++++++++++++++++++++++++++++++
     1 file changed, 59 insertions(+)
[2025-07-09T23:10:16Z] GitHub: https://github.com/mrhavens/NarcStudy_CalebStacey, Branch=master, Commit=bbaed5b
  Diff Summary:
     .gitfield/github.sigil.md | 59 +++++++++++++++++++++++++++++++++++++++++++++++
     1 file changed, 59 insertions(+)
[2025-07-09T23:12:37Z] Local: , Branch=master, Commit=bbaed5b
  Diff Summary:
     .gitfield/local.sigil.md | 59 ++++++++++++++++++++++++++++++++++++++++++++++++
     1 file changed, 59 insertions(+)
[2025-07-09T23:12:56Z] Radicle: RID=rad:z3FEj7rF8gZw9eFksCuiN43qjzrex, Peer ID=z6Mkw5s3ppo26C7y7tGK5MD8n2GqTHS582PPpeX5Xqbu2Mpz, Branch=master, Commit=bbaed5b
  CLI: rad inspect rad:z3FEj7rF8gZw9eFksCuiN43qjzrex # View project details
  CLI: git ls-tree -r --name-only HEAD # View file structure
  Diff Summary:
     .gitfield/radicle.sigil.md | 20 ++++++++++----------
     1 file changed, 10 insertions(+), 10 deletions(-)
[2025-07-09T23:13:21Z] Forgejo: https://remember.thefoldwithin.earth/mrhavens/NarcStudy_CalebStacey, Branch=master, Commit=bbaed5b
  Diff Summary:
     .gitfield/remember.sigil.md | 16 ++++++++--------
     1 file changed, 8 insertions(+), 8 deletions(-)
[2025-07-09T23:16:01Z] Codeberg: https://codeberg.org/mrhavens/NarcStudy_CalebStacey, Branch=master, Commit=bbaed5b
  Diff Summary:
     .gitfield/codeberg.sigil.md | 59 +++++++++++++++++++++++++++++++++++++++++++++
     1 file changed, 59 insertions(+)
[2025-07-09T23:17:24Z] GitLab: https://gitlab.com/mrhavens/NarcStudy_CalebStacey, Branch=master, Commit=bbaed5b
  Diff Summary:
     .gitfield/gitlab.sigil.md | 16 ++++++++--------
     1 file changed, 8 insertions(+), 8 deletions(-)
[2025-07-09T23:18:22Z] Bitbucket: https://bitbucket.org/thefoldwithin/NarcStudy_CalebStacey, Branch=master, Commit=bbaed5b
  Diff Summary:
     .gitfield/bitbucket.sigil.md | 16 ++++++++--------
     1 file changed, 8 insertions(+), 8 deletions(-)
[2025-07-09T23:19:02Z] GitHub: https://github.com/mrhavens/NarcStudy_CalebStacey, Branch=master, Commit=bbaed5b
  Diff Summary:
     .gitfield/github.sigil.md | 16 ++++++++--------
     1 file changed, 8 insertions(+), 8 deletions(-)
[2025-07-09T23:21:30Z] Local: , Branch=master, Commit=bbaed5b
  Diff Summary:
     .gitfield/local.sigil.md | 16 ++++++++--------
     1 file changed, 8 insertions(+), 8 deletions(-)
[2025-07-09T23:21:59Z] Radicle: RID=rad:z3FEj7rF8gZw9eFksCuiN43qjzrex, Peer ID=z6Mkw5s3ppo26C7y7tGK5MD8n2GqTHS582PPpeX5Xqbu2Mpz, Branch=master, Commit=bbaed5b
  CLI: rad inspect rad:z3FEj7rF8gZw9eFksCuiN43qjzrex # View project details
  CLI: git ls-tree -r --name-only HEAD # View file structure
  Diff Summary:
     .gitfield/radicle.sigil.md | 18 +++++++++---------
     1 file changed, 9 insertions(+), 9 deletions(-)
